<?xml version="1.0" encoding="UTF-8"?>
<!-- Generated by org.testng.reporters.JUnitReportReporter -->
<testsuite hostname="DESKTOP-EUJ0HP8" failures="0" tests="1" name="Tests.CoursesInfoTest" time="186.184" errors="0" timestamp="2021-07-21T22:42:03 IST" skipped="0">
  <testcase classname="Tests.CoursesInfoTest" name="getCourse" time="186.184"/>
  <system-out/>
</testsuite> <!-- Tests.CoursesInfoTest -->
