<?xml version="1.0" encoding="UTF-8"?>
<!-- Generated by org.testng.reporters.JUnitReportReporter -->
<testsuite hostname="DESKTOP-EUJ0HP8" failures="0" tests="1" name="Tests.FormTest" time="67.923" errors="0" timestamp="2021-07-21T22:42:03 IST" skipped="0">
  <testcase classname="Tests.FormTest" name="getCourse" time="67.923"/>
  <system-out/>
</testsuite> <!-- Tests.FormTest -->
