<?xml version="1.0" encoding="UTF-8"?>
<!-- Generated by org.testng.reporters.JUnitReportReporter -->
<testsuite hostname="DESKTOP-EUJ0HP8" failures="0" tests="1" name="Tests.FormTest" time="117.188" errors="0" timestamp="2021-07-21T20:19:54 IST" skipped="0">
  <testcase classname="Tests.FormTest" name="getCourse" time="117.188"/>
  <system-out/>
</testsuite> <!-- Tests.FormTest -->
